<?xml version="1.0" encoding="UTF-8"?>
<!-- Generated by org.testng.reporters.JUnitReportReporter -->
<testsuite hostname="DESKTOP-734M8HP" failures="0" tests="1" name="org.java.Js1" time="0.024" errors="0" timestamp="2023-09-19T20:47:34 IST" skipped="0">
  <testcase classname="org.java.Js1" name="student" time="0.024"/>
</testsuite> <!-- org.java.Js1 -->
